<?xml version="1.0" encoding="UTF-8"?>
<!-- Generated by org.testng.reporters.JUnitReportReporter -->
<testsuite skipped="0" hostname="DESKTOP-NUVE9RN" name="com.inetbanking.testCases.TC_LoginTest_001" tests="1" failures="0" timestamp="27 Aug 2019 06:15:38 GMT" time="50.242" errors="0">
  <testcase name="startup" time="50.242" classname="com.inetbanking.testCases.TC_LoginTest_001"/>
</testsuite> <!-- com.inetbanking.testCases.TC_LoginTest_001 -->
